<?xml version="1.0" encoding="UTF-8"?>
<!-- Generated by org.testng.reporters.JUnitXMLReporter -->
<testsuite ignored="0" hostname="Akeem" failures="0" tests="3" name="Default test" time="2.934" errors="0" timestamp="2024-02-08T16:54:52 CST">
  <testcase classname="day1.HTTP_Practice" name="postUser" time="2.687"/>
  <testcase classname="day1.HTTP_Practice" name="getUser" time="0.137"/>
  <testcase classname="day1.HTTP_Practice" name="deleteUser" time="0.051"/>
</testsuite> <!-- Default test -->
