<?xml version="1.0" encoding="UTF-8"?>
<!-- Generated by org.testng.reporters.JUnitXMLReporter -->
<testsuite ignored="0" hostname="Akeem" failures="0" tests="4" name="Test" time="6.289" errors="0" timestamp="2023-08-31T23:00:13 CDT">
  <testcase classname="day8.createUser" name="test_createUser" time="3.383"/>
  <testcase classname="day8.getUser" name="tes_getUser" time="0.544"/>
  <testcase classname="day8.updateUser" name="test_updateUser" time="1.178"/>
  <testcase classname="day8.deleteUser" name="test_deleteUser" time="1.115"/>
</testsuite> <!-- Test -->
